# JRE version: Java(TM) SE Runtime Environment (8.0_121-b13) (build 1.8.0_121-b13)
# Java VM: Java HotSpot(TM) 64-Bit Server VM (25.121-b13 mixed mode windows-amd64 compressed oops)
Heap:
 PSYoungGen      total 200192K, used 102279K [0x0000000780b00000, 0x000000078e100000, 0x00000007c0000000)
  eden space 183296K, 46% used [0x0000000780b00000,0x0000000785e67ac8,0x000000078be00000)
  from space 16896K, 99% used [0x000000078be00000,0x000000078ce7a470,0x000000078ce80000)
  to   space 15360K, 0% used [0x000000078ce80000,0x000000078ce80000,0x000000078dd80000)
 ParOldGen       total 138240K, used 17318K [0x0000000702000000, 0x000000070a700000, 0x0000000780b00000)
  object space 138240K, 12% used [0x0000000702000000,0x00000007030e9b10,0x000000070a700000)
 Metaspace       used 52013K, capacity 54266K, committed 54448K, reserved 1095680K
  class space    used 6851K, capacity 7263K, committed 7344K, reserved 1048576K
GC Heap History (10 events):
Event: 9.922 GC heap before
{Heap before GC invocations=9 (full 2):
 PSYoungGen      total 116224K, used 11761K [0x0000000780b00000, 0x000000078ba00000, 0x00000007c0000000)
  eden space 104448K, 0% used [0x0000000780b00000,0x0000000780b00000,0x0000000787100000)
  from space 11776K, 99% used [0x0000000787100000,0x0000000787c7c740,0x0000000787c80000)
  to   space 13824K, 0% used [0x000000078ac80000,0x000000078ac80000,0x000000078ba00000)
 ParOldGen       total 86016K, used 11211K [0x0000000702000000, 0x0000000707400000, 0x0000000780b00000)
  object space 86016K, 13% used [0x0000000702000000,0x0000000702af2e30,0x0000000707400000)
 Metaspace       used 34377K, capacity 35416K, committed 35496K, reserved 1081344K
  class space    used 4409K, capacity 4652K, committed 4656K, reserved 1048576K
Event: 10.055 GC heap after
Heap after GC invocations=9 (full 2):
 PSYoungGen      total 116224K, used 0K [0x0000000780b00000, 0x000000078ba00000, 0x00000007c0000000)
  eden space 104448K, 0% used [0x0000000780b00000,0x0000000780b00000,0x0000000787100000)
  from space 11776K, 0% used [0x0000000787100000,0x0000000787100000,0x0000000787c80000)
  to   space 13824K, 0% used [0x000000078ac80000,0x000000078ac80000,0x000000078ba00000)
 ParOldGen       total 138240K, used 17084K [0x0000000702000000, 0x000000070a700000, 0x0000000780b00000)
  object space 138240K, 12% used [0x0000000702000000,0x00000007030af0e8,0x000000070a700000)
 Metaspace       used 34377K, capacity 35416K, committed 35496K, reserved 1081344K
  class space    used 4409K, capacity 4652K, committed 4656K, reserved 1048576K
}
Event: 11.858 GC heap before
{Heap before GC invocations=10 (full 2):
 PSYoungGen      total 116224K, used 104448K [0x0000000780b00000, 0x000000078ba00000, 0x00000007c0000000)
  eden space 104448K, 100% used [0x0000000780b00000,0x0000000787100000,0x0000000787100000)
  from space 11776K, 0% used [0x0000000787100000,0x0000000787100000,0x0000000787c80000)
  to   space 13824K, 0% used [0x000000078ac80000,0x000000078ac80000,0x000000078ba00000)
 ParOldGen       total 138240K, used 17084K [0x0000000702000000, 0x000000070a700000, 0x0000000780b00000)
  object space 138240K, 12% used [0x0000000702000000,0x00000007030af0e8,0x000000070a700000)
 Metaspace       used 37380K, capacity 38682K, committed 38960K, reserved 1083392K
  class space    used 4822K, capacity 5079K, committed 5168K, reserved 1048576K
Event: 11.893 GC heap after
Heap after GC invocations=10 (full 2):
 PSYoungGen      total 162304K, used 5095K [0x0000000780b00000, 0x000000078b880000, 0x00000007c0000000)
  eden space 150016K, 0% used [0x0000000780b00000,0x0000000780b00000,0x0000000789d80000)
  from space 12288K, 41% used [0x000000078ac80000,0x000000078b179df8,0x000000078b880000)
  to   space 13824K, 0% used [0x0000000789d80000,0x0000000789d80000,0x000000078ab00000)
 ParOldGen       total 138240K, used 17092K [0x0000000702000000, 0x000000070a700000, 0x0000000780b00000)
  object space 138240K, 12% used [0x0000000702000000,0x00000007030b10e8,0x000000070a700000)
 Metaspace       used 37380K, capacity 38682K, committed 38960K, reserved 1083392K
  class space    used 4822K, capacity 5079K, committed 5168K, reserved 1048576K
}
Event: 19.064 GC heap before
{Heap before GC invocations=11 (full 2):
 PSYoungGen      total 162304K, used 155111K [0x0000000780b00000, 0x000000078b880000, 0x00000007c0000000)
  eden space 150016K, 100% used [0x0000000780b00000,0x0000000789d80000,0x0000000789d80000)
  from space 12288K, 41% used [0x000000078ac80000,0x000000078b179df8,0x000000078b880000)
  to   space 13824K, 0% used [0x0000000789d80000,0x0000000789d80000,0x000000078ab00000)
 ParOldGen       total 138240K, used 17092K [0x0000000702000000, 0x000000070a700000, 0x0000000780b00000)
  object space 138240K, 12% used [0x0000000702000000,0x00000007030b10e8,0x000000070a700000)
 Metaspace       used 44698K, capacity 46106K, committed 46384K, reserved 1089536K
  class space    used 5815K, capacity 6109K, committed 6192K, reserved 1048576K
Event: 19.091 GC heap after
Heap after GC invocations=11 (full 2):
 PSYoungGen      total 163840K, used 13405K [0x0000000780b00000, 0x000000078dd80000, 0x00000007c0000000)
  eden space 150016K, 0% used [0x0000000780b00000,0x0000000780b00000,0x0000000789d80000)
  from space 13824K, 96% used [0x0000000789d80000,0x000000078aa974b8,0x000000078ab00000)
  to   space 15360K, 0% used [0x000000078ce80000,0x000000078ce80000,0x000000078dd80000)
 ParOldGen       total 138240K, used 17100K [0x0000000702000000, 0x000000070a700000, 0x0000000780b00000)
  object space 138240K, 12% used [0x0000000702000000,0x00000007030b30e8,0x000000070a700000)
 Metaspace       used 44698K, capacity 46106K, committed 46384K, reserved 1089536K
  class space    used 5815K, capacity 6109K, committed 6192K, reserved 1048576K
}
Event: 23.240 GC heap before
{Heap before GC invocations=12 (full 2):
 PSYoungGen      total 163840K, used 163421K [0x0000000780b00000, 0x000000078dd80000, 0x00000007c0000000)
  eden space 150016K, 100% used [0x0000000780b00000,0x0000000789d80000,0x0000000789d80000)
  from space 13824K, 96% used [0x0000000789d80000,0x000000078aa974b8,0x000000078ab00000)
  to   space 15360K, 0% used [0x000000078ce80000,0x000000078ce80000,0x000000078dd80000)
 ParOldGen       total 138240K, used 17100K [0x0000000702000000, 0x000000070a700000, 0x0000000780b00000)
  object space 138240K, 12% used [0x0000000702000000,0x00000007030b30e8,0x000000070a700000)
 Metaspace       used 49021K, capacity 50900K, committed 51120K, reserved 1093632K
  class space    used 6411K, capacity 6764K, committed 6832K, reserved 1048576K
Event: 23.290 GC heap after
Heap after GC invocations=12 (full 2):
 PSYoungGen      total 198656K, used 14940K [0x0000000780b00000, 0x000000078e100000, 0x00000007c0000000)
  eden space 183296K, 0% used [0x0000000780b00000,0x0000000780b00000,0x000000078be00000)
  from space 15360K, 97% used [0x000000078ce80000,0x000000078dd17120,0x000000078dd80000)
  to   space 16896K, 0% used [0x000000078be00000,0x000000078be00000,0x000000078ce80000)
 ParOldGen       total 138240K, used 17108K [0x0000000702000000, 0x000000070a700000, 0x0000000780b00000)
  object space 138240K, 12% used [0x0000000702000000,0x00000007030b50e8,0x000000070a700000)
 Metaspace       used 49021K, capacity 50900K, committed 51120K, reserved 1093632K
  class space    used 6411K, capacity 6764K, committed 6832K, reserved 1048576K
}
Event: 26.564 GC heap before
{Heap before GC invocations=13 (full 2):
 PSYoungGen      total 198656K, used 198236K [0x0000000780b00000, 0x000000078e100000, 0x00000007c0000000)
  eden space 183296K, 100% used [0x0000000780b00000,0x000000078be00000,0x000000078be00000)
  from space 15360K, 97% used [0x000000078ce80000,0x000000078dd17120,0x000000078dd80000)
  to   space 16896K, 0% used [0x000000078be00000,0x000000078be00000,0x000000078ce80000)
 ParOldGen       total 138240K, used 17108K [0x0000000702000000, 0x000000070a700000, 0x0000000780b00000)
  object space 138240K, 12% used [0x0000000702000000,0x00000007030b50e8,0x000000070a700000)
 Metaspace       used 51059K, capacity 53198K, committed 53552K, reserved 1095680K
  class space    used 6713K, capacity 7107K, committed 7216K, reserved 1048576K
Event: 26.657 GC heap after
Heap after GC invocations=13 (full 2):
 PSYoungGen      total 200192K, used 16873K [0x0000000780b00000, 0x000000078e100000, 0x00000007c0000000)
  eden space 183296K, 0% used [0x0000000780b00000,0x0000000780b00000,0x000000078be00000)
  from space 16896K, 99% used [0x000000078be00000,0x000000078ce7a470,0x000000078ce80000)
  to   space 15360K, 0% used [0x000000078ce80000,0x000000078ce80000,0x000000078dd80000)
 ParOldGen       total 138240K, used 17318K [0x0000000702000000, 0x000000070a700000, 0x0000000780b00000)
  object space 138240K, 12% used [0x0000000702000000,0x00000007030e9b10,0x000000070a700000)
 Metaspace       used 51059K, capacity 53198K, committed 53552K, reserved 1095680K
  class space    used 6713K, capacity 7107K, committed 7216K, reserved 1048576K
}

