# JRE version: Java(TM) SE Runtime Environment (8.0_121-b13) (build 1.8.0_121-b13)
# Java VM: Java HotSpot(TM) 64-Bit Server VM (25.121-b13 mixed mode windows-amd64 compressed oops)
Heap:
 PSYoungGen      total 166400K, used 57390K [0x0000000780b00000, 0x000000078da80000, 0x00000007c0000000)
  eden space 152576K, 28% used [0x0000000780b00000,0x00000007835cf130,0x000000078a000000)
  from space 13824K, 98% used [0x000000078a000000,0x000000078ad3ca78,0x000000078ad80000)
  to   space 15360K, 0% used [0x000000078cb80000,0x000000078cb80000,0x000000078da80000)
 ParOldGen       total 133632K, used 16896K [0x0000000702000000, 0x000000070a280000, 0x0000000780b00000)
  object space 133632K, 12% used [0x0000000702000000,0x0000000703080088,0x000000070a280000)
 Metaspace       used 47205K, capacity 48652K, committed 48984K, reserved 1091584K
  class space    used 6164K, capacity 6458K, committed 6528K, reserved 1048576K
GC Heap History (10 events):
Event: 9.021 GC heap before
{Heap before GC invocations=7 (full 1):
 PSYoungGen      total 103936K, used 103923K [0x0000000780b00000, 0x0000000788a80000, 0x00000007c0000000)
  eden space 96256K, 100% used [0x0000000780b00000,0x0000000786900000,0x0000000786900000)
  from space 7680K, 99% used [0x0000000786900000,0x000000078707ce30,0x0000000787080000)
  to   space 10240K, 0% used [0x0000000788080000,0x0000000788080000,0x0000000788a80000)
 ParOldGen       total 83456K, used 9247K [0x0000000702000000, 0x0000000707180000, 0x0000000780b00000)
  object space 83456K, 11% used [0x0000000702000000,0x0000000702907ce8,0x0000000707180000)
 Metaspace       used 30935K, capacity 31922K, committed 32256K, reserved 1077248K
  class space    used 4048K, capacity 4249K, committed 4352K, reserved 1048576K
Event: 9.042 GC heap after
Heap after GC invocations=7 (full 1):
 PSYoungGen      total 118784K, used 10239K [0x0000000780b00000, 0x000000078ad80000, 0x00000007c0000000)
  eden space 108544K, 0% used [0x0000000780b00000,0x0000000780b00000,0x0000000787500000)
  from space 10240K, 99% used [0x0000000788080000,0x0000000788a7fc68,0x0000000788a80000)
  to   space 11776K, 0% used [0x0000000787500000,0x0000000787500000,0x0000000788080000)
 ParOldGen       total 83456K, used 10436K [0x0000000702000000, 0x0000000707180000, 0x0000000780b00000)
  object space 83456K, 12% used [0x0000000702000000,0x0000000702a311c8,0x0000000707180000)
 Metaspace       used 30935K, capacity 31922K, committed 32256K, reserved 1077248K
  class space    used 4048K, capacity 4249K, committed 4352K, reserved 1048576K
}
Event: 10.481 GC heap before
{Heap before GC invocations=8 (full 1):
 PSYoungGen      total 118784K, used 74782K [0x0000000780b00000, 0x000000078ad80000, 0x00000007c0000000)
  eden space 108544K, 59% used [0x0000000780b00000,0x0000000784a07e20,0x0000000787500000)
  from space 10240K, 99% used [0x0000000788080000,0x0000000788a7fc68,0x0000000788a80000)
  to   space 11776K, 0% used [0x0000000787500000,0x0000000787500000,0x0000000788080000)
 ParOldGen       total 83456K, used 10436K [0x0000000702000000, 0x0000000707180000, 0x0000000780b00000)
  object space 83456K, 12% used [0x0000000702000000,0x0000000702a311c8,0x0000000707180000)
 Metaspace       used 34215K, capacity 35260K, committed 35416K, reserved 1079296K
  class space    used 4397K, capacity 4620K, committed 4736K, reserved 1048576K
Event: 10.500 GC heap after
Heap after GC invocations=8 (full 1):
 PSYoungGen      total 120320K, used 11752K [0x0000000780b00000, 0x000000078c300000, 0x00000007c0000000)
  eden space 108544K, 0% used [0x0000000780b00000,0x0000000780b00000,0x0000000787500000)
  from space 11776K, 99% used [0x0000000787500000,0x000000078807a338,0x0000000788080000)
  to   space 13824K, 0% used [0x000000078b580000,0x000000078b580000,0x000000078c300000)
 ParOldGen       total 83456K, used 10969K [0x0000000702000000, 0x0000000707180000, 0x0000000780b00000)
  object space 83456K, 13% used [0x0000000702000000,0x0000000702ab6510,0x0000000707180000)
 Metaspace       used 34215K, capacity 35260K, committed 35416K, reserved 1079296K
  class space    used 4397K, capacity 4620K, committed 4736K, reserved 1048576K
}
Event: 10.500 GC heap before
{Heap before GC invocations=9 (full 2):
 PSYoungGen      total 120320K, used 11752K [0x0000000780b00000, 0x000000078c300000, 0x00000007c0000000)
  eden space 108544K, 0% used [0x0000000780b00000,0x0000000780b00000,0x0000000787500000)
  from space 11776K, 99% used [0x0000000787500000,0x000000078807a338,0x0000000788080000)
  to   space 13824K, 0% used [0x000000078b580000,0x000000078b580000,0x000000078c300000)
 ParOldGen       total 83456K, used 10969K [0x0000000702000000, 0x0000000707180000, 0x0000000780b00000)
  object space 83456K, 13% used [0x0000000702000000,0x0000000702ab6510,0x0000000707180000)
 Metaspace       used 34215K, capacity 35260K, committed 35416K, reserved 1079296K
  class space    used 4397K, capacity 4620K, committed 4736K, reserved 1048576K
Event: 10.642 GC heap after
Heap after GC invocations=9 (full 2):
 PSYoungGen      total 120320K, used 0K [0x0000000780b00000, 0x000000078c300000, 0x00000007c0000000)
  eden space 108544K, 0% used [0x0000000780b00000,0x0000000780b00000,0x0000000787500000)
  from space 11776K, 0% used [0x0000000787500000,0x0000000787500000,0x0000000788080000)
  to   space 13824K, 0% used [0x000000078b580000,0x000000078b580000,0x000000078c300000)
 ParOldGen       total 133632K, used 16880K [0x0000000702000000, 0x000000070a280000, 0x0000000780b00000)
  object space 133632K, 12% used [0x0000000702000000,0x000000070307c088,0x000000070a280000)
 Metaspace       used 34215K, capacity 35260K, committed 35416K, reserved 1079296K
  class space    used 4397K, capacity 4620K, committed 4736K, reserved 1048576K
}
Event: 12.303 GC heap before
{Heap before GC invocations=10 (full 2):
 PSYoungGen      total 120320K, used 108544K [0x0000000780b00000, 0x000000078c300000, 0x00000007c0000000)
  eden space 108544K, 100% used [0x0000000780b00000,0x0000000787500000,0x0000000787500000)
  from space 11776K, 0% used [0x0000000787500000,0x0000000787500000,0x0000000788080000)
  to   space 13824K, 0% used [0x000000078b580000,0x000000078b580000,0x000000078c300000)
 ParOldGen       total 133632K, used 16880K [0x0000000702000000, 0x000000070a280000, 0x0000000780b00000)
  object space 133632K, 12% used [0x0000000702000000,0x000000070307c088,0x000000070a280000)
 Metaspace       used 37449K, capacity 38740K, committed 38872K, reserved 1083392K
  class space    used 4838K, capacity 5120K, committed 5120K, reserved 1048576K
Event: 12.314 GC heap after
Heap after GC invocations=10 (full 2):
 PSYoungGen      total 155648K, used 5558K [0x0000000780b00000, 0x000000078bb00000, 0x00000007c0000000)
  eden space 150016K, 0% used [0x0000000780b00000,0x0000000780b00000,0x0000000789d80000)
  from space 5632K, 98% used [0x000000078b580000,0x000000078baed8c8,0x000000078bb00000)
  to   space 13824K, 0% used [0x000000078a000000,0x000000078a000000,0x000000078ad80000)
 ParOldGen       total 133632K, used 16888K [0x0000000702000000, 0x000000070a280000, 0x0000000780b00000)
  object space 133632K, 12% used [0x0000000702000000,0x000000070307e088,0x000000070a280000)
 Metaspace       used 37449K, capacity 38740K, committed 38872K, reserved 1083392K
  class space    used 4838K, capacity 5120K, committed 5120K, reserved 1048576K
}
Event: 17.817 GC heap before
{Heap before GC invocations=11 (full 2):
 PSYoungGen      total 155648K, used 155574K [0x0000000780b00000, 0x000000078bb00000, 0x00000007c0000000)
  eden space 150016K, 100% used [0x0000000780b00000,0x0000000789d80000,0x0000000789d80000)
  from space 5632K, 98% used [0x000000078b580000,0x000000078baed8c8,0x000000078bb00000)
  to   space 13824K, 0% used [0x000000078a000000,0x000000078a000000,0x000000078ad80000)
 ParOldGen       total 133632K, used 16888K [0x0000000702000000, 0x000000070a280000, 0x0000000780b00000)
  object space 133632K, 12% used [0x0000000702000000,0x000000070307e088,0x000000070a280000)
 Metaspace       used 44931K, capacity 46350K, committed 46680K, reserved 1089536K
  class space    used 5860K, capacity 6173K, committed 6272K, reserved 1048576K
Event: 17.848 GC heap after
Heap after GC invocations=11 (full 2):
 PSYoungGen      total 166400K, used 13554K [0x0000000780b00000, 0x000000078da80000, 0x00000007c0000000)
  eden space 152576K, 0% used [0x0000000780b00000,0x0000000780b00000,0x000000078a000000)
  from space 13824K, 98% used [0x000000078a000000,0x000000078ad3ca78,0x000000078ad80000)
  to   space 15360K, 0% used [0x000000078cb80000,0x000000078cb80000,0x000000078da80000)
 ParOldGen       total 133632K, used 16896K [0x0000000702000000, 0x000000070a280000, 0x0000000780b00000)
  object space 133632K, 12% used [0x0000000702000000,0x0000000703080088,0x000000070a280000)
 Metaspace       used 44931K, capacity 46350K, committed 46680K, reserved 1089536K
  class space    used 5860K, capacity 6173K, committed 6272K, reserved 1048576K
}

