# JRE version: Java(TM) SE Runtime Environment (8.0_121-b13) (build 1.8.0_121-b13)
# Java VM: Java HotSpot(TM) 64-Bit Server VM (25.121-b13 mixed mode windows-amd64 compressed oops)
Heap:
 PSYoungGen      total 159744K, used 135714K [0x0000000780b00000, 0x000000078d400000, 0x00000007c0000000)
  eden space 144384K, 83% used [0x0000000780b00000,0x0000000788136370,0x0000000789800000)
  from space 15360K, 95% used [0x000000078c500000,0x000000078d352878,0x000000078d400000)
  to   space 13824K, 0% used [0x0000000789800000,0x0000000789800000,0x000000078a580000)
 ParOldGen       total 138240K, used 17131K [0x0000000702000000, 0x000000070a700000, 0x0000000780b00000)
  object space 138240K, 12% used [0x0000000702000000,0x00000007030bad78,0x000000070a700000)
 Metaspace       used 50275K, capacity 52315K, committed 52656K, reserved 1095680K
  class space    used 6578K, capacity 6964K, committed 7088K, reserved 1048576K
GC Heap History (10 events):
Event: 9.817 GC heap before
{Heap before GC invocations=8 (full 1):
 PSYoungGen      total 113664K, used 76870K [0x0000000780b00000, 0x000000078ab00000, 0x00000007c0000000)
  eden space 103424K, 64% used [0x0000000780b00000,0x0000000784c15aa0,0x0000000787000000)
  from space 10240K, 99% used [0x0000000787b80000,0x000000078857bf30,0x0000000788580000)
  to   space 11776K, 0% used [0x0000000787000000,0x0000000787000000,0x0000000787b80000)
 ParOldGen       total 85504K, used 10439K [0x0000000702000000, 0x0000000707380000, 0x0000000780b00000)
  object space 85504K, 12% used [0x0000000702000000,0x0000000702a31cc0,0x0000000707380000)
 Metaspace       used 34354K, capacity 35423K, committed 35496K, reserved 1081344K
  class space    used 4409K, capacity 4652K, committed 4656K, reserved 1048576K
Event: 9.835 GC heap after
Heap after GC invocations=8 (full 1):
 PSYoungGen      total 115200K, used 11762K [0x0000000780b00000, 0x000000078b880000, 0x00000007c0000000)
  eden space 103424K, 0% used [0x0000000780b00000,0x0000000780b00000,0x0000000787000000)
  from space 11776K, 99% used [0x0000000787000000,0x0000000787b7ca70,0x0000000787b80000)
  to   space 13824K, 0% used [0x000000078ab00000,0x000000078ab00000,0x000000078b880000)
 ParOldGen       total 85504K, used 11349K [0x0000000702000000, 0x0000000707380000, 0x0000000780b00000)
  object space 85504K, 13% used [0x0000000702000000,0x0000000702b154e8,0x0000000707380000)
 Metaspace       used 34354K, capacity 35423K, committed 35496K, reserved 1081344K
  class space    used 4409K, capacity 4652K, committed 4656K, reserved 1048576K
}
Event: 9.835 GC heap before
{Heap before GC invocations=9 (full 2):
 PSYoungGen      total 115200K, used 11762K [0x0000000780b00000, 0x000000078b880000, 0x00000007c0000000)
  eden space 103424K, 0% used [0x0000000780b00000,0x0000000780b00000,0x0000000787000000)
  from space 11776K, 99% used [0x0000000787000000,0x0000000787b7ca70,0x0000000787b80000)
  to   space 13824K, 0% used [0x000000078ab00000,0x000000078ab00000,0x000000078b880000)
 ParOldGen       total 85504K, used 11349K [0x0000000702000000, 0x0000000707380000, 0x0000000780b00000)
  object space 85504K, 13% used [0x0000000702000000,0x0000000702b154e8,0x0000000707380000)
 Metaspace       used 34354K, capacity 35423K, committed 35496K, reserved 1081344K
  class space    used 4409K, capacity 4652K, committed 4656K, reserved 1048576K
Event: 9.962 GC heap after
Heap after GC invocations=9 (full 2):
 PSYoungGen      total 115200K, used 0K [0x0000000780b00000, 0x000000078b880000, 0x00000007c0000000)
  eden space 103424K, 0% used [0x0000000780b00000,0x0000000780b00000,0x0000000787000000)
  from space 11776K, 0% used [0x0000000787000000,0x0000000787000000,0x0000000787b80000)
  to   space 13824K, 0% used [0x000000078ab00000,0x000000078ab00000,0x000000078b880000)
 ParOldGen       total 138240K, used 17107K [0x0000000702000000, 0x000000070a700000, 0x0000000780b00000)
  object space 138240K, 12% used [0x0000000702000000,0x00000007030b4d78,0x000000070a700000)
 Metaspace       used 34354K, capacity 35423K, committed 35496K, reserved 1081344K
  class space    used 4409K, capacity 4652K, committed 4656K, reserved 1048576K
}
Event: 11.371 GC heap before
{Heap before GC invocations=10 (full 2):
 PSYoungGen      total 115200K, used 103424K [0x0000000780b00000, 0x000000078b880000, 0x00000007c0000000)
  eden space 103424K, 100% used [0x0000000780b00000,0x0000000787000000,0x0000000787000000)
  from space 11776K, 0% used [0x0000000787000000,0x0000000787000000,0x0000000787b80000)
  to   space 13824K, 0% used [0x000000078ab00000,0x000000078ab00000,0x000000078b880000)
 ParOldGen       total 138240K, used 17107K [0x0000000702000000, 0x000000070a700000, 0x0000000780b00000)
  object space 138240K, 12% used [0x0000000702000000,0x00000007030b4d78,0x000000070a700000)
 Metaspace       used 37389K, capacity 38655K, committed 38960K, reserved 1083392K
  class space    used 4827K, capacity 5088K, committed 5168K, reserved 1048576K
Event: 11.386 GC heap after
Heap after GC invocations=10 (full 2):
 PSYoungGen      total 152576K, used 5255K [0x0000000780b00000, 0x000000078b300000, 0x00000007c0000000)
  eden space 144384K, 0% used [0x0000000780b00000,0x0000000780b00000,0x0000000789800000)
  from space 8192K, 64% used [0x000000078ab00000,0x000000078b021df8,0x000000078b300000)
  to   space 13824K, 0% used [0x0000000789800000,0x0000000789800000,0x000000078a580000)
 ParOldGen       total 138240K, used 17115K [0x0000000702000000, 0x000000070a700000, 0x0000000780b00000)
  object space 138240K, 12% used [0x0000000702000000,0x00000007030b6d78,0x000000070a700000)
 Metaspace       used 37389K, capacity 38655K, committed 38960K, reserved 1083392K
  class space    used 4827K, capacity 5088K, committed 5168K, reserved 1048576K
}
Event: 17.135 GC heap before
{Heap before GC invocations=11 (full 2):
 PSYoungGen      total 152576K, used 149639K [0x0000000780b00000, 0x000000078b300000, 0x00000007c0000000)
  eden space 144384K, 100% used [0x0000000780b00000,0x0000000789800000,0x0000000789800000)
  from space 8192K, 64% used [0x000000078ab00000,0x000000078b021df8,0x000000078b300000)
  to   space 13824K, 0% used [0x0000000789800000,0x0000000789800000,0x000000078a580000)
 ParOldGen       total 138240K, used 17115K [0x0000000702000000, 0x000000070a700000, 0x0000000780b00000)
  object space 138240K, 12% used [0x0000000702000000,0x00000007030b6d78,0x000000070a700000)
 Metaspace       used 44317K, capacity 45753K, committed 46128K, reserved 1089536K
  class space    used 5759K, capacity 6077K, committed 6192K, reserved 1048576K
Event: 17.160 GC heap after
Heap after GC invocations=11 (full 2):
 PSYoungGen      total 158208K, used 13006K [0x0000000780b00000, 0x000000078d400000, 0x00000007c0000000)
  eden space 144384K, 0% used [0x0000000780b00000,0x0000000780b00000,0x0000000789800000)
  from space 13824K, 94% used [0x0000000789800000,0x000000078a4b3a20,0x000000078a580000)
  to   space 15360K, 0% used [0x000000078c500000,0x000000078c500000,0x000000078d400000)
 ParOldGen       total 138240K, used 17123K [0x0000000702000000, 0x000000070a700000, 0x0000000780b00000)
  object space 138240K, 12% used [0x0000000702000000,0x00000007030b8d78,0x000000070a700000)
 Metaspace       used 44317K, capacity 45753K, committed 46128K, reserved 1089536K
  class space    used 5759K, capacity 6077K, committed 6192K, reserved 1048576K
}
Event: 19.865 GC heap before
{Heap before GC invocations=12 (full 2):
 PSYoungGen      total 158208K, used 157390K [0x0000000780b00000, 0x000000078d400000, 0x00000007c0000000)
  eden space 144384K, 100% used [0x0000000780b00000,0x0000000789800000,0x0000000789800000)
  from space 13824K, 94% used [0x0000000789800000,0x000000078a4b3a20,0x000000078a580000)
  to   space 15360K, 0% used [0x000000078c500000,0x000000078c500000,0x000000078d400000)
 ParOldGen       total 138240K, used 17123K [0x0000000702000000, 0x000000070a700000, 0x0000000780b00000)
  object space 138240K, 12% used [0x0000000702000000,0x00000007030b8d78,0x000000070a700000)
 Metaspace       used 48770K, capacity 50553K, committed 50864K, reserved 1093632K
  class space    used 6379K, capacity 6721K, committed 6832K, reserved 1048576K
Event: 19.896 GC heap after
Heap after GC invocations=12 (full 2):
 PSYoungGen      total 159744K, used 14666K [0x0000000780b00000, 0x000000078d400000, 0x00000007c0000000)
  eden space 144384K, 0% used [0x0000000780b00000,0x0000000780b00000,0x0000000789800000)
  from space 15360K, 95% used [0x000000078c500000,0x000000078d352878,0x000000078d400000)
  to   space 13824K, 0% used [0x0000000789800000,0x0000000789800000,0x000000078a580000)
 ParOldGen       total 138240K, used 17131K [0x0000000702000000, 0x000000070a700000, 0x0000000780b00000)
  object space 138240K, 12% used [0x0000000702000000,0x00000007030bad78,0x000000070a700000)
 Metaspace       used 48770K, capacity 50553K, committed 50864K, reserved 1093632K
  class space    used 6379K, capacity 6721K, committed 6832K, reserved 1048576K
}

