# JRE version: Java(TM) SE Runtime Environment (8.0_121-b13) (build 1.8.0_121-b13)
# Java VM: Java HotSpot(TM) 64-Bit Server VM (25.121-b13 mixed mode windows-amd64 compressed oops)
Heap:
 PSYoungGen      total 198144K, used 56291K [0x0000000780b00000, 0x0000000791600000, 0x00000007c0000000)
  eden space 190464K, 29% used [0x0000000780b00000,0x00000007841f8c10,0x000000078c500000)
  from space 7680K, 0% used [0x000000078d280000,0x000000078d280000,0x000000078da00000)
  to   space 13824K, 0% used [0x000000078c500000,0x000000078c500000,0x000000078d280000)
 ParOldGen       total 79360K, used 16763K [0x0000000702000000, 0x0000000706d80000, 0x0000000780b00000)
  object space 79360K, 21% used [0x0000000702000000,0x000000070305ee88,0x0000000706d80000)
 Metaspace       used 35979K, capacity 37062K, committed 37080K, reserved 1081344K
  class space    used 4619K, capacity 4861K, committed 4864K, reserved 1048576K
GC Heap History (10 events):
Event: 4.166 GC heap before
{Heap before GC invocations=4 (full 1):
 PSYoungGen      total 105984K, used 7660K [0x0000000780b00000, 0x000000078da00000, 0x00000007c0000000)
  eden space 98304K, 0% used [0x0000000780b00000,0x0000000780b00000,0x0000000786b00000)
  from space 7680K, 99% used [0x0000000786b00000,0x000000078727b2d0,0x0000000787280000)
  to   space 7680K, 0% used [0x000000078d280000,0x000000078d280000,0x000000078da00000)
 ParOldGen       total 130048K, used 1988K [0x0000000702000000, 0x0000000709f00000, 0x0000000780b00000)
  object space 130048K, 1% used [0x0000000702000000,0x00000007021f1330,0x0000000709f00000)
 Metaspace       used 20639K, capacity 21174K, committed 21248K, reserved 1067008K
  class space    used 2642K, capacity 2787K, committed 2816K, reserved 1048576K
Event: 4.219 GC heap after
Heap after GC invocations=4 (full 1):
 PSYoungGen      total 105984K, used 0K [0x0000000780b00000, 0x000000078da00000, 0x00000007c0000000)
  eden space 98304K, 0% used [0x0000000780b00000,0x0000000780b00000,0x0000000786b00000)
  from space 7680K, 0% used [0x0000000786b00000,0x0000000786b00000,0x0000000787280000)
  to   space 7680K, 0% used [0x000000078d280000,0x000000078d280000,0x000000078da00000)
 ParOldGen       total 79360K, used 9166K [0x0000000702000000, 0x0000000706d80000, 0x0000000780b00000)
  object space 79360K, 11% used [0x0000000702000000,0x00000007028f3900,0x0000000706d80000)
 Metaspace       used 20639K, capacity 21174K, committed 21248K, reserved 1067008K
  class space    used 2642K, capacity 2787K, committed 2816K, reserved 1048576K
}
Event: 7.181 GC heap before
{Heap before GC invocations=5 (full 1):
 PSYoungGen      total 105984K, used 98304K [0x0000000780b00000, 0x000000078da00000, 0x00000007c0000000)
  eden space 98304K, 100% used [0x0000000780b00000,0x0000000786b00000,0x0000000786b00000)
  from space 7680K, 0% used [0x0000000786b00000,0x0000000786b00000,0x0000000787280000)
  to   space 7680K, 0% used [0x000000078d280000,0x000000078d280000,0x000000078da00000)
 ParOldGen       total 79360K, used 9166K [0x0000000702000000, 0x0000000706d80000, 0x0000000780b00000)
  object space 79360K, 11% used [0x0000000702000000,0x00000007028f3900,0x0000000706d80000)
 Metaspace       used 28025K, capacity 28916K, committed 29184K, reserved 1075200K
  class space    used 3610K, capacity 3802K, committed 3840K, reserved 1048576K
Event: 7.195 GC heap after
Heap after GC invocations=5 (full 1):
 PSYoungGen      total 161792K, used 7653K [0x0000000780b00000, 0x000000078da00000, 0x00000007c0000000)
  eden space 154112K, 0% used [0x0000000780b00000,0x0000000780b00000,0x000000078a180000)
  from space 7680K, 99% used [0x000000078d280000,0x000000078d9f9640,0x000000078da00000)
  to   space 7680K, 0% used [0x000000078cb00000,0x000000078cb00000,0x000000078d280000)
 ParOldGen       total 79360K, used 10776K [0x0000000702000000, 0x0000000706d80000, 0x0000000780b00000)
  object space 79360K, 13% used [0x0000000702000000,0x0000000702a86210,0x0000000706d80000)
 Metaspace       used 28025K, capacity 28916K, committed 29184K, reserved 1075200K
  class space    used 3610K, capacity 3802K, committed 3840K, reserved 1048576K
}
Event: 10.312 GC heap before
{Heap before GC invocations=6 (full 1):
 PSYoungGen      total 161792K, used 161765K [0x0000000780b00000, 0x000000078da00000, 0x00000007c0000000)
  eden space 154112K, 100% used [0x0000000780b00000,0x000000078a180000,0x000000078a180000)
  from space 7680K, 99% used [0x000000078d280000,0x000000078d9f9640,0x000000078da00000)
  to   space 7680K, 0% used [0x000000078cb00000,0x000000078cb00000,0x000000078d280000)
 ParOldGen       total 79360K, used 10776K [0x0000000702000000, 0x0000000706d80000, 0x0000000780b00000)
  object space 79360K, 13% used [0x0000000702000000,0x0000000702a86210,0x0000000706d80000)
 Metaspace       used 32391K, capacity 33416K, committed 33664K, reserved 1079296K
  class space    used 4180K, capacity 4418K, committed 4480K, reserved 1048576K
Event: 10.334 GC heap after
Heap after GC invocations=6 (full 1):
 PSYoungGen      total 161792K, used 7668K [0x0000000780b00000, 0x000000078da00000, 0x00000007c0000000)
  eden space 154112K, 0% used [0x0000000780b00000,0x0000000780b00000,0x000000078a180000)
  from space 7680K, 99% used [0x000000078cb00000,0x000000078d27d040,0x000000078d280000)
  to   space 7680K, 0% used [0x000000078d280000,0x000000078d280000,0x000000078da00000)
 ParOldGen       total 79360K, used 16677K [0x0000000702000000, 0x0000000706d80000, 0x0000000780b00000)
  object space 79360K, 21% used [0x0000000702000000,0x0000000703049710,0x0000000706d80000)
 Metaspace       used 32391K, capacity 33416K, committed 33664K, reserved 1079296K
  class space    used 4180K, capacity 4418K, committed 4480K, reserved 1048576K
}
Event: 11.100 GC heap before
{Heap before GC invocations=7 (full 1):
 PSYoungGen      total 161792K, used 44239K [0x0000000780b00000, 0x000000078da00000, 0x00000007c0000000)
  eden space 154112K, 23% used [0x0000000780b00000,0x0000000782eb6fa8,0x000000078a180000)
  from space 7680K, 99% used [0x000000078cb00000,0x000000078d27d040,0x000000078d280000)
  to   space 7680K, 0% used [0x000000078d280000,0x000000078d280000,0x000000078da00000)
 ParOldGen       total 79360K, used 16677K [0x0000000702000000, 0x0000000706d80000, 0x0000000780b00000)
  object space 79360K, 21% used [0x0000000702000000,0x0000000703049710,0x0000000706d80000)
 Metaspace       used 34239K, capacity 35260K, committed 35416K, reserved 1079296K
  class space    used 4395K, capacity 4620K, committed 4736K, reserved 1048576K
Event: 11.126 GC heap after
Heap after GC invocations=7 (full 1):
 PSYoungGen      total 198144K, used 7652K [0x0000000780b00000, 0x0000000791600000, 0x00000007c0000000)
  eden space 190464K, 0% used [0x0000000780b00000,0x0000000780b00000,0x000000078c500000)
  from space 7680K, 99% used [0x000000078d280000,0x000000078d9f9030,0x000000078da00000)
  to   space 13824K, 0% used [0x000000078c500000,0x000000078c500000,0x000000078d280000)
 ParOldGen       total 79360K, used 19618K [0x0000000702000000, 0x0000000706d80000, 0x0000000780b00000)
  object space 79360K, 24% used [0x0000000702000000,0x0000000703328ac8,0x0000000706d80000)
 Metaspace       used 34239K, capacity 35260K, committed 35416K, reserved 1079296K
  class space    used 4395K, capacity 4620K, committed 4736K, reserved 1048576K
}
Event: 11.126 GC heap before
{Heap before GC invocations=8 (full 2):
 PSYoungGen      total 198144K, used 7652K [0x0000000780b00000, 0x0000000791600000, 0x00000007c0000000)
  eden space 190464K, 0% used [0x0000000780b00000,0x0000000780b00000,0x000000078c500000)
  from space 7680K, 99% used [0x000000078d280000,0x000000078d9f9030,0x000000078da00000)
  to   space 13824K, 0% used [0x000000078c500000,0x000000078c500000,0x000000078d280000)
 ParOldGen       total 79360K, used 19618K [0x0000000702000000, 0x0000000706d80000, 0x0000000780b00000)
  object space 79360K, 24% used [0x0000000702000000,0x0000000703328ac8,0x0000000706d80000)
 Metaspace       used 34239K, capacity 35260K, committed 35416K, reserved 1079296K
  class space    used 4395K, capacity 4620K, committed 4736K, reserved 1048576K
Event: 11.287 GC heap after
Heap after GC invocations=8 (full 2):
 PSYoungGen      total 198144K, used 0K [0x0000000780b00000, 0x0000000791600000, 0x00000007c0000000)
  eden space 190464K, 0% used [0x0000000780b00000,0x0000000780b00000,0x000000078c500000)
  from space 7680K, 0% used [0x000000078d280000,0x000000078d280000,0x000000078da00000)
  to   space 13824K, 0% used [0x000000078c500000,0x000000078c500000,0x000000078d280000)
 ParOldGen       total 79360K, used 16763K [0x0000000702000000, 0x0000000706d80000, 0x0000000780b00000)
  object space 79360K, 21% used [0x0000000702000000,0x000000070305ee88,0x0000000706d80000)
 Metaspace       used 34239K, capacity 35260K, committed 35416K, reserved 1079296K
  class space    used 4395K, capacity 4620K, committed 4736K, reserved 1048576K
}

